ERROR:__main__:2023-04-09 15:21:36,881:API Response: error,"Internal server error, please try again later, if error persists contact support@marketdata.app" for "BIL" on "2023-04-07"
ERROR:__main__:2023-04-09 15:21:38,317:API Response: error,"Internal server error, please try again later, if error persists contact support@marketdata.app" for "XTN" on "2023-04-07"
ERROR:__main__:2023-04-09 15:21:42,714:API Response: error,"Internal server error, please try again later, if error persists contact support@marketdata.app" for "BNDX" on "2023-04-07"
ERROR:__main__:2023-04-09 15:21:44,092:API Response: error,"Internal server error, please try again later, if error persists contact support@marketdata.app" for "EGIS" on "2023-04-07"
ERROR:__main__:2023-04-09 15:21:45,476:API Response: error,"Internal server error, please try again later, if error persists contact support@marketdata.app" for "EPP" on "2023-04-07"
ERROR:__main__:2023-04-09 15:21:47,133:API Response: error,"Internal server error, please try again later, if error persists contact support@marketdata.app" for "EWC" on "2023-04-07"
ERROR:__main__:2023-04-09 15:21:48,618:API Response: error,"Internal server error, please try again later, if error persists contact support@marketdata.app" for "EWD" on "2023-04-07"
ERROR:__main__:2023-04-09 15:21:49,980:API Response: error,"Internal server error, please try again later, if error persists contact support@marketdata.app" for "EWJ" on "2023-04-07"
ERROR:__main__:2023-04-09 15:21:51,418:API Response: error,"Internal server error, please try again later, if error persists contact support@marketdata.app" for "EWL" on "2023-04-07"
ERROR:__main__:2023-04-09 15:21:52,903:API Response: error,"Internal server error, please try again later, if error persists contact support@marketdata.app" for "EWU" on "2023-04-07"
ERROR:__main__:2023-04-09 15:21:54,434:API Response: error,"Internal server error, please try again later, if error persists contact support@marketdata.app" for "EZU" on "2023-04-07"
ERROR:__main__:2023-04-09 15:21:55,753:API Response: error,"Internal server error, please try again later, if error persists contact support@marketdata.app" for "FUTY" on "2023-04-07"
ERROR:__main__:2023-04-09 15:22:57,185:API Response: error,"Internal server error, please try again later, if error persists contact support@marketdata.app" for "GIBIX" on "2023-04-07"
ERROR:__main__:2023-04-09 15:22:59,020:API Response: error,"Internal server error, please try again later, if error persists contact support@marketdata.app" for "GOVT" on "2023-04-07"
ERROR:__main__:2023-04-09 15:23:00,448:API Response: error,"Internal server error, please try again later, if error persists contact support@marketdata.app" for "HYLB" on "2023-04-07"
ERROR:__main__:2023-04-09 15:23:01,912:API Response: error,"Internal server error, please try again later, if error persists contact support@marketdata.app" for "IAT" on "2023-04-07"
ERROR:__main__:2023-04-09 15:23:03,241:API Response: error,"Internal server error, please try again later, if error persists contact support@marketdata.app" for "ITA" on "2023-04-07"
ERROR:__main__:2023-04-09 15:23:04,852:API Response: error,"Internal server error, please try again later, if error persists contact support@marketdata.app" for "IVV" on "2023-04-07"
ERROR:__main__:2023-04-09 15:23:06,133:API Response: error,"Internal server error, please try again later, if error persists contact support@marketdata.app" for "IWM" on "2023-04-07"
ERROR:__main__:2023-04-09 15:23:07,699:API Response: error,"Internal server error, please try again later, if error persists contact support@marketdata.app" for "IXUS" on "2023-04-07"
ERROR:__main__:2023-04-09 15:23:09,212:API Response: error,"Internal server error, please try again later, if error persists contact support@marketdata.app" for "LYFE" on "2023-04-07"
ERROR:__main__:2023-04-09 15:23:10,582:API Response: error,"Internal server error, please try again later, if error persists contact support@marketdata.app" for "ONLN" on "2023-04-07"
ERROR:__main__:2023-04-09 15:23:12,083:API Response: error,"Internal server error, please try again later, if error persists contact support@marketdata.app" for "PAVE" on "2023-04-07"
ERROR:__main__:2023-04-09 15:23:13,332:API Response: error,"Internal server error, please try again later, if error persists contact support@marketdata.app" for "QQQ" on "2023-04-07"
ERROR:__main__:2023-04-09 15:23:14,832:API Response: error,"Internal server error, please try again later, if error persists contact support@marketdata.app" for "SKYY" on "2023-04-07"
ERROR:__main__:2023-04-09 15:23:16,132:API Response: error,"Internal server error, please try again later, if error persists contact support@marketdata.app" for "SMH" on "2023-04-07"
ERROR:__main__:2023-04-09 15:23:17,462:API Response: error,"Internal server error, please try again later, if error persists contact support@marketdata.app" for "SRVR" on "2023-04-07"
ERROR:__main__:2023-04-09 15:23:18,901:API Response: error,"Internal server error, please try again later, if error persists contact support@marketdata.app" for "STIP" on "2023-04-07"
ERROR:__main__:2023-04-09 15:23:20,182:API Response: error,"Internal server error, please try again later, if error persists contact support@marketdata.app" for "UPST" on "2023-04-07"
ERROR:__main__:2023-04-09 15:23:21,671:API Response: error,"Internal server error, please try again later, if error persists contact support@marketdata.app" for "UBER" on "2023-04-07"
ERROR:__main__:2023-04-09 15:23:22,991:API Response: error,"Internal server error, please try again later, if error persists contact support@marketdata.app" for "USHY" on "2023-04-07"
ERROR:__main__:2023-04-09 15:23:24,345:API Response: error,"Internal server error, please try again later, if error persists contact support@marketdata.app" for "USIG" on "2023-04-07"
ERROR:__main__:2023-04-09 15:23:26,230:API Response: error,"Internal server error, please try again later, if error persists contact support@marketdata.app" for "VCIT" on "2023-04-07"
ERROR:__main__:2023-04-09 15:23:27,493:API Response: error,"Internal server error, please try again later, if error persists contact support@marketdata.app" for "VCSH" on "2023-04-07"
ERROR:__main__:2023-04-09 15:23:28,942:API Response: error,"Internal server error, please try again later, if error persists contact support@marketdata.app" for "VGSH" on "2023-04-07"
ERROR:__main__:2023-04-09 15:23:30,290:API Response: error,"Internal server error, please try again later, if error persists contact support@marketdata.app" for "VMBS" on "2023-04-07"
ERROR:__main__:2023-04-09 15:23:31,831:API Response: error,"Internal server error, please try again later, if error persists contact support@marketdata.app" for "VNLA" on "2023-04-07"
ERROR:__main__:2023-04-09 15:23:33,383:API Response: error,"Internal server error, please try again later, if error persists contact support@marketdata.app" for "VTV" on "2023-04-07"
INFO:__main__:2023-04-09 15:23:33,971:Saved results for single date to C:/Users/theni/pyproj/test.xlsx
